<?xml version="1.0" encoding="UTF-8"?>
<!-- Generated by org.testng.reporters.JUnitReportReporter -->
<testsuite hostname="LAPTOP-5M6A98T7" name="testCases.TestCase3" tests="3" failures="0" timestamp="16 Mar 2019 08:34:14 GMT" time="46.191" errors="0">
  <testcase name="hrmLoginpage" time="20.774" classname="testCases.TestCase3"/>
  <testcase name="hrmLoginpage" time="4.484" classname="testCases.TestCase3"/>
  <testcase name="hrmLoginpage" time="20.933" classname="testCases.TestCase3"/>
</testsuite> <!-- testCases.TestCase3 -->
