<?xml version="1.0" encoding="UTF-8"?>
<!-- Generated by org.testng.reporters.JUnitReportReporter -->
<testsuite hostname="LAPTOP-5M6A98T7" name="testCases.TestCase01" tests="3" failures="0" timestamp="16 Mar 2019 07:09:49 GMT" time="26.296" errors="0">
  <testcase name="hrmLoginpage" time="9.507" classname="testCases.TestCase01"/>
  <testcase name="hrmLoginpage" time="9.585" classname="testCases.TestCase01"/>
  <testcase name="hrmLoginpage" time="7.204" classname="testCases.TestCase01"/>
</testsuite> <!-- testCases.TestCase01 -->
