<?xml version="1.0" encoding="UTF-8"?>
<!-- Generated by org.testng.reporters.JUnitReportReporter -->
<testsuite hostname="LAPTOP-5M6A98T7" name="testCases.TestCase2" tests="3" failures="0" timestamp="16 Mar 2019 07:52:14 GMT" time="45.937" errors="0">
  <testcase name="hrmLoginpage" time="21.953" classname="testCases.TestCase2"/>
  <testcase name="hrmLoginpage" time="3.005" classname="testCases.TestCase2"/>
  <testcase name="hrmLoginpage" time="20.979" classname="testCases.TestCase2"/>
</testsuite> <!-- testCases.TestCase2 -->
